
abglovesandabrasives.com	http://www.abforthedefence.org	http://forthedefence.org/category/uncategorized/
glovesandabrasives.com/brands/VSM-Abrasives-Corporation.html
thatstamil-news74.html

 


intelligentquilting.com	http://www.intelligentquilting.com/Bubbles-p/am-bubbles.htm
intelligentquilting.com	http://www.intelligentquilting.com/Digital-Quilting-Designs-by-Sue-Schmieden-s/1861.htm
intelligentquilting.com	http://www.intelligentquilting.com/Digitized-Holiday-and-Seasonal-Pantograph-Designs-s/1875.htm
intelligentquilting.com	http://www.intelligentquilting.com/category-s/1945.htm
intelligentquilting.com	http://www.intelligentquilting.com/Smart-Buys-Discount-Digitized-Quilting-Designs-s/1918.htm
intelligentquilting.com	http://www.intelligentquilting.com/category-s/1952.htm
intelligentquilting.com	http://www.intelligentquilting.com/category-s/1950.htm
intelligentquilting.com	http://www.intelligentquilting.com/Digital-Quilting-Designs-by-Sally-Terry-s/1856.htm
intelligentquilting.com	http://www.intelligentquilting.com/Digital-Quilting-Designs-by-Brandon-Smythe-s/1827.htm
intelligentquilting.com	http://www.intelligentquilting.com/Digital-Quilting-Designs-by-Marci-Gore-s/1847.htm
	http://www.intelligentquilting.com:80/Window-Chevron-E2E-p/mg-window-chevron-.htm
intelligentquilting.com	http://www.intelligentquilting.com/Digital-Quilting-Designs-by-Lynne-Blackman-s/1846.htm
intelligentquilting.com	http://www.intelligentquilting.com/category-s/1962.htm
intelligentquilting.com	http://www.intelligentquilting.com/Digital-Quilting-Designs-by-Sue-Smith-s/1862.htm
intelligentquilting.com	http://www.intelligentquilting.com/Digital-Quilting-Designs-by-Designer-s/1821.htm
intelligentquilting.com	http://www.intelligentquilting.com/Fandango-Triangle-p/at-fandango-tri.htm
intelligentquilting.com	http://www.intelligentquilting.com/Digitized-Simple-Pantograph-Designs-s/1881.htm
intelligentquilting.com	http://www.intelligentquilting.com/Fandango-Border-and-Corner-Unit-p/at-fandango-brdrcrnr.htm
intelligentquilting.com	http://www.intelligentquilting.com/Digital-Quilting-Designs-by-Norma-Sharp-s/1854.htm
intelligentquilting.com	http://www.intelligentquilting.com/Digitized-Border-and-Sashing-Designs-for-Quilting-s/1887.htm
origincare.com	http://www.origincare.com/news-information/
	http://213.123.193.120/webrecruit/public/main.asp
wordpress.com	https://jeepadapter.wordpress.com/
jeepexhaustadapter.com	https://jeepexhaustadapter.com/waggy/
jeepexhaustadapter.com	https://jeepexhaustadapter.com/01-xj-limited/
jeepexhaustadapter.com	https://jeepexhaustadapter.com/ignition-rail-brackets/
gravatar.com	https://gravatar.com/site/signup/
jeepexhaustadapter.com	https://jeepexhaustadapter.com/xmlrpc.php
jeepexhaustadapter.com	https://jeepexhaustadapter.com/installation-stack-up/
gmpg.org	http://gmpg.org/xfn/11
wp.me	http://wp.me/P51RFo-2f
jeepexhaustadapter.com	https://jeepexhaustadapter.com/comments/feed/
jeepexhaustadapter.com	https://jeepexhaustadapter.com/my-jeeps/
jeepexhaustadapter.com	https://jeepexhaustadapter.com/feed/
jeepexhaustadapter.com	https://jeepexhaustadapter.com/90-xj/
jeepexhaustadapter.com	https://jeepexhaustadapter.com/contact/
jeepexhaustadapter.com	https://jeepexhaustadapter.com/worn-lifter/feed/
jeepexhaustadapter.com	https://jeepexhaustadapter.com/0630-head/
jeepexhaustadapter.com	https://jeepexhaustadapter.com/worn-lifter/
jeepexhaustadapter.com	https://jeepexhaustadapter.com/history/
intelligentquilting.com	http://www.intelligentquilting.com/Digital-Quilting-Designs-by-Sharon-Schamber-s/1857.htm
intelligentquilting.com	http://www.intelligentquilting.com/Digital-Quilting-Designs-by-Tom-Brown-s/1865.htm
intelligentquilting.com	http://www.intelligentquilting.com/Digital-Quilting-Designs-by-Designer-s/1821.htm
intelligentquilting.com	http://www.intelligentquilting.com/Digital-Quilting-Designs-by-Marilyn-Badger-s/1848.htm
intelligentquilting.com	http://www.intelligentquilting.com/Digital-Quilting-Designs-by-Mike-Fountain-s/1967.htm
intelligentquilting.com	http://www.intelligentquilting.com/category-s/1938.htm
	http://www.intelligentquilting.com:80/Back-to-School-Motif-p/js-back-to-school-motif.htm
intelligentquilting.com	http://www.intelligentquilting.com/Digital-Quilting-Designs-by-Peg-Stone-s/1855.htm
intelligentquilting.com	http://www.intelligentquilting.com/Digitized-Words-and-Phrases-for-Quilting-s/1932.htm
intelligentquilting.com	http://www.intelligentquilting.com/category-s/1947.htm
intelligentquilting.com	http://www.intelligentquilting.com/Digitized-Food-and-Drink-Pantograph-Designs-s/1872.htm
intelligentquilting.com	http://www.intelligentquilting.com/Digitized-Flower-Pantograph-Designs-s/1871.htm
intelligentquilting.com	http://www.intelligentquilting.com/category-s/1958.htm
intelligentquilting.com	http://www.intelligentquilting.com/Digital-Quilting-Designs-by-160-Stitches-s/1822.htm
intelligentquilting.com	http://www.intelligentquilting.com/Digitized-Novelty-Pantograph-Designs-s/1880.htm
intelligentquilting.com	http://www.intelligentquilting.com/Digital-Quilting-Designs-by-Linda-Lawson-s/1844.htm
intelligentquilting.com	http://www.intelligentquilting.com/Digital-Quilting-Designs-by-Naomi-Hynes-s/1919.htm
intelligentquilting.com	http://www.intelligentquilting.com/New-Digitized-Designs-for-Quilting-s/1818.htm
intelligentquilting.com	http://www.intelligentquilting.com/Digitized-Child-and-Baby-Pantograph-Designs-s/1876.htm
intelligentquilting.com	http://www.intelligentquilting.com/category-s/1950.htm
toons4biz.com	http://www.toons4biz.com/Carrot-Cartoon-Clipart-s/555.htm
toons4biz.com	http://www.toons4biz.com/Grizzly-Bear-Mascot-s/774.htm
toons4biz.com	http://www.toons4biz.com/Fun-Food-Group-Cartoon-Clip-Art-s/589.htm
toons4biz.com	http://www.toons4biz.com/Cartoon-Dollar-Bill-Character-Clip-Art-s/625.htm
toons4biz.com	http://www.toons4biz.com/Cartoon-Animation-s/739.htm
toons4biz.com	http://www.toons4biz.com/Cartoon-Mallet-Auction-Clip-Art-s/624.htm
toons4biz.com	http://www.toons4biz.com/Cartoon-Football-Character-Clip-Art-s/590.htm
toons4biz.com	http://www.toons4biz.com/Clipart-Cartoon-Bumble-Bee-s/550.htm
toons4biz.com	http://www.toons4biz.com//cindex.asp
toons4biz.com	http://www.toons4biz.com/category-s/516.htm
	http://www.toons4biz.com:80/Apple-With-Halloween-Pumpkin-p/apple_cartoon_ap01h011.htm
toons4biz.com	http://www.toons4biz.com/category-s/506.htm
toons4biz.com	http://www.toons4biz.com/Cartoon-Character-Clip-Art-s/450.htm
toons4biz.com	http://www.toons4biz.com/Patriot-Mascot-s/405.htm
toons4biz.com	http://www.toons4biz.com/Fun-Feed-s/699.htm
toons4biz.com	http://www.toons4biz.com/Apple-Mascot-Clip-Art-s/518.htm
toons4biz.com	http://www.toons4biz.com/Construction-Cone-Clip-Art-s/570.htm
toons4biz.com	http://www.toons4biz.com/Dustie-Cartoon-Character-s/579.htm
toons4biz.com	http://www.toons4biz.com/Lion-School-Mascot-Clipart-Set-s/293.htm
toons4biz.com	http://www.toons4biz.com/Leopard-School-Mascot-Clipart-Set-s/302.htm
deerlake.com	http://deerlake.com/blog/tag/glacier-national-park/
deerlake.com	http://deerlake.com/blog/tag/mixing-bowl/
deerlake.com	http://deerlake.com/blog/tag/carving/
deerlake.com	http://deerlake.com/blog/2016/08/
deerlake.com	http://deerlake.com/blog/2016/10/
promiseofgod.com	http://www.promiseofgod.com/independence/
kissedbyanangel.com	http://kissedbyanangel.com/barefoot/
deerlake.com	http://deerlake.com/blog/tag/skywalk/
deerlake.com	http://deerlake.com/blog/tag/molded-plate/
twitter.com	http://twitter.com/share
	http://none
deerlake.com	http://deerlake.com/blog/2015/07/deerlake-weekly-letter-happy-independence-day-time-for-babies-in-montana/
deerlake.com	http://deerlake.com/blog/tag/vase/
deerlake.com	http://deerlake.com/blog/2015/06/deerlake-weekly-letter-its-jim-checking-in-and-independence-day/
deerlake.com	http://deerlake.com/blog/tag/coffee-mugs/
deerlake.com	http://deerlake.com/blog/author/admin/
saintsandheroes.com	http://saintsandheroes.com/4th-july/
deerlake.com	http://deerlake.com/blog/2015/10/
deerlake.com	http://www.deerlake.com/
deerlake.com	http://deerlake.com/blog/tag/pottery-bowl/
tristupe.com	http://www.tristupe.com/2009_03_01_archive.html
tristupe.com	http://www.tristupe.com/2010_04_01_archive.html
tristupe.com	http://www.tristupe.com/2011_06_01_archive.html
tristupe.com	http://www.tristupe.com/2011/11/are-you-gullible.html
tristupe.com	http://www.tristupe.com/2005_10_01_archive.html
	http://www.biking.com 
tristupe.com	http://www.tristupe.com/2004_12_01_archive.html
tristupe.com	http://www.tristupe.com/2015_01_01_archive.html
tristupe.com	http://www.tristupe.com/2012_08_01_archive.html
tristupe.com	http://www.tristupe.com/2012/09/reasons-why-triathlon-event-order-is.html
tristupe.com	http://www.tristupe.com/2011/11/i-can-only-imagine.html
tristupe.com	http://www.tristupe.com/2008_07_01_archive.html
tristupe.com	http://www.tristupe.com/2011_05_01_archive.html
tristupe.com	http://www.tristupe.com/2005_03_01_archive.html
tristupe.com	http://www.tristupe.com/2015_05_01_archive.html
tristupe.com	http://www.tristupe.com/2011/11/healthy-hearty-breakfast-tristupe-way.html
tristupe.com	http://www.tristupe.com/2011/11/athlete-profile-au-yong-pui-san.html
tristupe.com	http://www.tristupe.com/2012_02_01_archive.html
statcounter.com	http://statcounter.com/blogger/
tristupe.com	http://www.tristupe.com/2011/11/youngest-sea-games-gold-medal-winner-is.html
chrome-addiction.com	http://www.chrome-addiction.com/harley-davidson-engine.php
chrome-addiction.com	http://www.chrome-addiction.com/old-harley-davidson-knucklehead.php
chrome-addiction.com	http://www.chrome-addiction.com/street-lubes.php
chrome-addiction.com	http://www.chrome-addiction.com/atv-engine.php
	http://54.187.148.165/cart.php
chrome-addiction.com	http://www.chrome-addiction.com/offroad-sprockets.php
chrome-addiction.com	http://www.chrome-addiction.com/street-general-accessories.php
chrome-addiction.com	http://www.chrome-addiction.com/atv-electrical.php
chrome-addiction.com	http://www.chrome-addiction.com/winderosa-watercraft-propulsion-driveline-handling.php
chrome-addiction.com	http://www.chrome-addiction.com/snowmobile.php
chrome-addiction.com	http://www.chrome-addiction.com/watercraft-accessories.php
chrome-addiction.com	http://www.chrome-addiction.com/offroad-fuel-systems.php
chrome-addiction.com	http://www.chrome-addiction.com/street-exhaust.php
chrome-addiction.com	http://www.chrome-addiction.com/harley-davidson-luggage.php
chrome-addiction.com	http://www.chrome-addiction.com/harley-davidson-fuel-air-systems.php
chrome-addiction.com	http://www.chrome-addiction.com/street-seats-sissy-bars.php
chrome-addiction.com	http://www.chrome-addiction.com/atv-tires-wheels.php
chrome-addiction.com	http://www.chrome-addiction.com/snowmobile-atv-plows.php
chrome-addiction.com	http://www.chrome-addiction.com/offroad-exhaust.php
chrome-addiction.com	http://www.chrome-addiction.com/harley-davidson-dashes-gauges.php
chrome-addiction.com	http://www.chrome-addiction.com/harley-davidson-brakes.php
chrome-addiction.com	http://www.chrome-addiction.com/old-harley-davidson.php
chrome-addiction.com	http://www.chrome-addiction.com/helmets-and-apparel-goggles-and-sunglasses.php
chrome-addiction.com	http://www.chrome-addiction.com/harley-davidson-covers-security-general.php
	http://54.187.148.165/
chrome-addiction.com	http://www.chrome-addiction.com/offroad-atv-tires-wheels.php
chrome-addiction.com	http://www.chrome-addiction.com/harley-davidson-touring.php
chrome-addiction.com	http://www.chrome-addiction.com/street-touring-accessories.php
chrome-addiction.com	http://www.chrome-addiction.com/street-brakes.php
chrome-addiction.com	http://www.chrome-addiction.com/street-sportbike-accessories.php
chrome-addiction.com	http://www.chrome-addiction.com/offroad-graphics-seats.php
chrome-addiction.com	http://www.chrome-addiction.com/old-harley-davidson-panhead.php
chrome-addiction.com	http://www.chrome-addiction.com/street-lighting.php
chrome-addiction.com	http://www.chrome-addiction.com/helmets-and-apparel-communicators.php
chrome-addiction.com	http://www.chrome-addiction.com/street-luggage.php
chrome-addiction.com	http://www.chrome-addiction.com/offroad-lubes.php
chrome-addiction.com	http://www.chrome-addiction.com/offroad-tubes-wheels.php
chrome-addiction.com	http://www.chrome-addiction.com/offroad-pit-bike.php
chrome-addiction.com	http://www.chrome-addiction.com/atv-chains-sprockets.php
chrome-addiction.com	http://www.chrome-addiction.com/offroad-engine.php
chrome-addiction.com	http://www.chrome-addiction.com/street-sprockets.php
chrome-addiction.com	http://www.chrome-addiction.com/g-winderosa-wps-crank-shaft-seals-63412.php
chrome-addiction.com	http://www.chrome-addiction.com/watercraft-transport-trailer.php
chrome-addiction.com	http://www.chrome-addiction.com/offroad-handlebars-controls.php
chrome-addiction.com	http://www.chrome-addiction.com/street-trailer.php
chrome-addiction.com	http://www.chrome-addiction.com/old-harley-davidson-ironhead-xl.php
chrome-addiction.com	http://www.chrome-addiction.com/harley-davidson-gaskets-seals.php
chrome-addiction.com	http://www.chrome-addiction.com/harley-davidson-tanks-oil-filters.php
chrome-addiction.com	http://www.chrome-addiction.com/old-harley-davidson-general.php
chrome-addiction.com	http://www.chrome-addiction.com/helmets-and-apparel-street.php
chrome-addiction.com	http://www.chrome-addiction.com/harley-davidson-cables.php
chrome-addiction.com	http://www.chrome-addiction.com/offroad.php
chrome-addiction.com	http://www.chrome-addiction.com/street-engine.php
chrome-addiction.com	http://www.chrome-addiction.com/winderosa-snowmobile-parts.php
chrome-addiction.com	http://www.chrome-addiction.com/atv-lubes.php
chrome-addiction.com	http://www.chrome-addiction.com/offroad-tires.php
chrome-addiction.com	http://www.chrome-addiction.com/winderosa-snowmobile.php
chrome-addiction.com	http://www.chrome-addiction.com/watercraft-apparel.php
	http://54.187.148.165/winderosa.php
chrome-addiction.com	http://www.chrome-addiction.com/winderosa-watercraft-fuel.php
phc-online.com	http://www.phc-online.com/Manual_Hospital_Bed_s/15165.htm
facebook.com	https://www.facebook.com/pages/Preferred-Health-Choice/116679975055359
phc-online.com	http://www.phc-online.com/Wheels_and_brakes_for_Walkers_s/148.htm
phc-online.com	http://www.phc-online.com/Nebulizer_Compressors_s/29840.htm
phc-online.com	http://www.phc-online.com/sanitary_disposal_s/25818.htm
phc-online.com	http://www.phc-online.com/Wrist_and_Forearm_Splints_s/4258.htm
phc-online.com	http://www.phc-online.com/Portable_4_Wheel_Scooters_s/87.htm
phc-online.com	http://www.phc-online.com/Lightweight_Transport_Wheelchair_s/23074.htm
phc-online.com	http://www.phc-online.com/Post_Op_Knee_Brace_s/22195.htm
phc-online.com	http://www.phc-online.com/Trionic_Three_Wheel_Walkers_s/20775.htm
	http://www.phc-online.com:80/Palm_Aneroid_Sphygmomanometer_p/mdf-848xp.htm
phc-online.com	http://www.phc-online.com/Portable_Electric_Wheelchairs_s/91.htm
phc-online.com	http://www.phc-online.com/Oxygen_Concentrator_Kit_s/143.htm
phc-online.com	http://www.phc-online.com/Rollator_Walkers_s/1.htm
phc-online.com	http://www.phc-online.com/Sphygmomanometer_s/16485.htm
phc-online.com	http://www.phc-online.com/Bariatric_Rollators_s/156.htm
bbb.org	http://www.bbb.org/phoenix/business-reviews/hospital-and-medical-equipment-and-supplies/choice-healthcare-inc-in-chandler-az-19004684/
phc-online.com	http://www.phc-online.com/Mattress_Overlay_s/25701.htm
phc-online.com	http://www.phc-online.com/Incontinence_Products_s/185.htm
facebook.com	https://www.facebook.com/pages/Preferred-Health-Choice/116679975055359/
